Running: C:\Xilinx\14.7\ISE_DS\ISE\bin\nt64\unwrapped\fuse.exe -intstyle ise -incremental -o C:/Xilinx/simulaAlu/Alu_Test_isim_beh.exe -prj C:/Xilinx/simulaAlu/Alu_Test_beh.prj work.Alu_Test 
ISim P.20131013 (signature 0x7708f090)
Number of CPUs detected in this system: 8
Turning on mult-threading, number of parallel sub-compilation jobs: 16 
Determining compilation order of HDL files
Parsing VHDL file "C:/Xilinx/simulaAlu/EjercicioAlu.vhd" into library work
Parsing VHDL file "C:/Xilinx/simulaAlu/Alu_text.vhd" into library work
Starting static elaboration
Completed static elaboration
Compiling package standard
Compiling package std_logic_1164
Compiling package numeric_std
Compiling architecture behavioral of entity EjercicioAlu [ejercicioalu_default]
Compiling architecture behavior of entity alu_test
Time Resolution for simulation is 1ps.
Waiting for 1 sub-compilation(s) to finish...
Compiled 6 VHDL Units
Built simulation executable C:/Xilinx/simulaAlu/Alu_Test_isim_beh.exe
Fuse Memory Usage: 36052 KB
Fuse CPU Usage: 468 ms
